{
  "C:\\Users\\Administrator123\\FEAC\\home-service-full-stack\\frontend\\src\\components\\common\\Button.tsx": {
    "path": "C:\\Users\\Administrator123\\FEAC\\home-service-full-stack\\frontend\\src\\components\\common\\Button.tsx",
    "statementMap": {
      "0": {
        "start": { "line": 1, "column": 0 },
        "end": { "line": 1, "column": 42 }
      },
      "1": {
        "start": { "line": 2, "column": 0 },
        "end": { "line": 2, "column": 36 }
      },
      "2": {
        "start": { "line": 13, "column": 15 },
        "end": { "line": 40, "column": 1 }
      },
      "3": {
        "start": { "line": 23, "column": 2 },
        "end": { "line": 39, "column": 4 }
      },
      "4": {
        "start": { "line": 42, "column": 0 },
        "end": { "line": 42, "column": 22 }
      }
    },
    "fnMap": {
      "0": {
        "name": "(anonymous_0)",
        "decl": {
          "start": { "line": 13, "column": 15 },
          "end": { "line": 13, "column": 16 }
        },
        "loc": {
          "start": { "line": 22, "column": 18 },
          "end": { "line": 40, "column": 1 }
        }
      }
    },
    "branchMap": {
      "0": {
        "loc": {
          "start": { "line": 27, "column": 8 },
          "end": { "line": 27, "column": 35 }
        },
        "type": "binary-expr",
        "locations": [
          {
            "start": { "line": 27, "column": 8 },
            "end": { "line": 27, "column": 16 }
          },
          {
            "start": { "line": 27, "column": 20 },
            "end": { "line": 27, "column": 35 }
          }
        ]
      },
      "1": {
        "loc": {
          "start": { "line": 28, "column": 8 },
          "end": { "line": 28, "column": 29 }
        },
        "type": "binary-expr",
        "locations": [
          {
            "start": { "line": 28, "column": 8 },
            "end": { "line": 28, "column": 13 }
          },
          {
            "start": { "line": 28, "column": 17 },
            "end": { "line": 28, "column": 29 }
          }
        ]
      },
      "2": {
        "loc": {
          "start": { "line": 29, "column": 8 },
          "end": { "line": 29, "column": 29 }
        },
        "type": "binary-expr",
        "locations": [
          {
            "start": { "line": 29, "column": 8 },
            "end": { "line": 29, "column": 13 }
          },
          {
            "start": { "line": 29, "column": 17 },
            "end": { "line": 29, "column": 29 }
          }
        ]
      },
      "3": {
        "loc": {
          "start": { "line": 30, "column": 8 },
          "end": { "line": 30, "column": 31 }
        },
        "type": "binary-expr",
        "locations": [
          {
            "start": { "line": 30, "column": 8 },
            "end": { "line": 30, "column": 14 }
          },
          {
            "start": { "line": 30, "column": 18 },
            "end": { "line": 30, "column": 31 }
          }
        ]
      },
      "4": {
        "loc": {
          "start": { "line": 31, "column": 8 },
          "end": { "line": 31, "column": 35 }
        },
        "type": "binary-expr",
        "locations": [
          {
            "start": { "line": 31, "column": 8 },
            "end": { "line": 31, "column": 16 }
          },
          {
            "start": { "line": 31, "column": 20 },
            "end": { "line": 31, "column": 35 }
          }
        ]
      },
      "5": {
        "loc": {
          "start": { "line": 32, "column": 8 },
          "end": { "line": 32, "column": 31 }
        },
        "type": "binary-expr",
        "locations": [
          {
            "start": { "line": 32, "column": 8 },
            "end": { "line": 32, "column": 14 }
          },
          {
            "start": { "line": 32, "column": 18 },
            "end": { "line": 32, "column": 31 }
          }
        ]
      }
    },
    "s": { "0": 2, "1": 2, "2": 2, "3": 31, "4": 2 },
    "f": { "0": 31 },
    "b": {
      "0": [31, 13],
      "1": [31, 13],
      "2": [31, 0],
      "3": [31, 0],
      "4": [31, 0],
      "5": [31, 0]
    }
  },
  "C:\\Users\\Administrator123\\FEAC\\home-service-full-stack\\frontend\\src\\components\\common\\FormikInput.tsx": {
    "path": "C:\\Users\\Administrator123\\FEAC\\home-service-full-stack\\frontend\\src\\components\\common\\FormikInput.tsx",
    "statementMap": {
      "0": {
        "start": { "line": 1, "column": 0 },
        "end": { "line": 1, "column": 41 }
      },
      "1": {
        "start": { "line": 2, "column": 0 },
        "end": { "line": 2, "column": 45 }
      },
      "2": {
        "start": { "line": 3, "column": 0 },
        "end": { "line": 3, "column": 28 }
      },
      "3": {
        "start": { "line": 10, "column": 20 },
        "end": { "line": 22, "column": 1 }
      },
      "4": {
        "start": { "line": 11, "column": 2 },
        "end": { "line": 21, "column": 4 }
      },
      "5": {
        "start": { "line": 24, "column": 0 },
        "end": { "line": 24, "column": 27 }
      }
    },
    "fnMap": {
      "0": {
        "name": "(anonymous_0)",
        "decl": {
          "start": { "line": 10, "column": 20 },
          "end": { "line": 10, "column": 21 }
        },
        "loc": {
          "start": { "line": 10, "column": 68 },
          "end": { "line": 22, "column": 1 }
        }
      }
    },
    "branchMap": {
      "0": {
        "loc": {
          "start": { "line": 13, "column": 7 },
          "end": { "line": 16, "column": null }
        },
        "type": "binary-expr",
        "locations": [
          {
            "start": { "line": 13, "column": 7 },
            "end": { "line": 13, "column": 12 }
          },
          {
            "start": { "line": 14, "column": 8 },
            "end": { "line": 15, "column": null }
          }
        ]
      }
    },
    "s": { "0": 1, "1": 1, "2": 1, "3": 1, "4": 10, "5": 1 },
    "f": { "0": 10 },
    "b": { "0": [10, 0] }
  },
  "C:\\Users\\Administrator123\\FEAC\\home-service-full-stack\\frontend\\src\\components\\common\\Input.tsx": {
    "path": "C:\\Users\\Administrator123\\FEAC\\home-service-full-stack\\frontend\\src\\components\\common\\Input.tsx",
    "statementMap": {
      "0": {
        "start": { "line": 1, "column": 0 },
        "end": { "line": 1, "column": 41 }
      },
      "1": {
        "start": { "line": 2, "column": 0 },
        "end": { "line": 2, "column": 36 }
      },
      "2": {
        "start": { "line": 8, "column": 14 },
        "end": { "line": 15, "column": 1 }
      },
      "3": {
        "start": { "line": 9, "column": 2 },
        "end": { "line": 14, "column": 4 }
      },
      "4": {
        "start": { "line": 17, "column": 0 },
        "end": { "line": 17, "column": 21 }
      }
    },
    "fnMap": {
      "0": {
        "name": "(anonymous_0)",
        "decl": {
          "start": { "line": 8, "column": 14 },
          "end": { "line": 8, "column": 15 }
        },
        "loc": {
          "start": { "line": 8, "column": 62 },
          "end": { "line": 15, "column": 1 }
        }
      }
    },
    "branchMap": {
      "0": {
        "loc": {
          "start": { "line": 11, "column": 42 },
          "end": { "line": 11, "column": 65 }
        },
        "type": "binary-expr",
        "locations": [
          {
            "start": { "line": 11, "column": 42 },
            "end": { "line": 11, "column": 48 }
          },
          {
            "start": { "line": 11, "column": 52 },
            "end": { "line": 11, "column": 65 }
          }
        ]
      }
    },
    "s": { "0": 1, "1": 1, "2": 1, "3": 28, "4": 1 },
    "f": { "0": 28 },
    "b": { "0": [28, 0] }
  },
  "C:\\Users\\Administrator123\\FEAC\\home-service-full-stack\\frontend\\src\\components\\context\\UserContext.tsx": {
    "path": "C:\\Users\\Administrator123\\FEAC\\home-service-full-stack\\frontend\\src\\components\\context\\UserContext.tsx",
    "statementMap": {
      "0": {
        "start": { "line": 1, "column": 0 },
        "end": { "line": 1, "column": 57 }
      },
      "1": {
        "start": { "line": 2, "column": 0 },
        "end": { "line": 2, "column": 46 }
      },
      "2": {
        "start": { "line": 5, "column": 20 },
        "end": { "line": 15, "column": 2 }
      },
      "3": {
        "start": { "line": 40, "column": 23 },
        "end": { "line": 40, "column": 34 }
      },
      "4": {
        "start": { "line": 17, "column": 21 },
        "end": { "line": 38, "column": 1 }
      },
      "5": {
        "start": { "line": 18, "column": 26 },
        "end": { "line": 18, "column": 68 }
      },
      "6": {
        "start": { "line": 19, "column": 23 },
        "end": { "line": 19, "column": 68 }
      },
      "7": {
        "start": { "line": 21, "column": 21 },
        "end": { "line": 21, "column": 27 }
      },
      "8": {
        "start": { "line": 23, "column": 16 },
        "end": { "line": 26, "column": 3 }
      },
      "9": {
        "start": { "line": 24, "column": 4 },
        "end": { "line": 24, "column": 32 }
      },
      "10": {
        "start": { "line": 25, "column": 4 },
        "end": { "line": 25, "column": 34 }
      },
      "11": {
        "start": { "line": 28, "column": 17 },
        "end": { "line": 31, "column": 3 }
      },
      "12": {
        "start": { "line": 29, "column": 4 },
        "end": { "line": 29, "column": 18 }
      },
      "13": {
        "start": { "line": 30, "column": 4 },
        "end": { "line": 30, "column": 19 }
      },
      "14": {
        "start": { "line": 33, "column": 2 },
        "end": { "line": 37, "column": 4 }
      },
      "15": {
        "start": { "line": 40, "column": 9 },
        "end": { "line": 40, "column": 21 }
      }
    },
    "fnMap": {
      "0": {
        "name": "(anonymous_0)",
        "decl": {
          "start": { "line": 13, "column": 9 },
          "end": { "line": 13, "column": 12 }
        },
        "loc": {
          "start": { "line": 13, "column": 14 },
          "end": { "line": 13, "column": 17 }
        }
      },
      "1": {
        "name": "(anonymous_1)",
        "decl": {
          "start": { "line": 14, "column": 10 },
          "end": { "line": 14, "column": 13 }
        },
        "loc": {
          "start": { "line": 14, "column": 15 },
          "end": { "line": 14, "column": 18 }
        }
      },
      "2": {
        "name": "(anonymous_2)",
        "decl": {
          "start": { "line": 17, "column": 21 },
          "end": { "line": 17, "column": 22 }
        },
        "loc": {
          "start": { "line": 17, "column": 57 },
          "end": { "line": 38, "column": 1 }
        }
      },
      "3": {
        "name": "(anonymous_3)",
        "decl": {
          "start": { "line": 23, "column": 16 },
          "end": { "line": 23, "column": 17 }
        },
        "loc": {
          "start": { "line": 23, "column": 49 },
          "end": { "line": 26, "column": 3 }
        }
      },
      "4": {
        "name": "(anonymous_4)",
        "decl": {
          "start": { "line": 28, "column": 17 },
          "end": { "line": 28, "column": 20 }
        },
        "loc": {
          "start": { "line": 28, "column": 22 },
          "end": { "line": 31, "column": 3 }
        }
      }
    },
    "branchMap": {},
    "s": {
      "0": 2,
      "1": 2,
      "2": 2,
      "3": 2,
      "4": 2,
      "5": 0,
      "6": 0,
      "7": 0,
      "8": 0,
      "9": 0,
      "10": 0,
      "11": 0,
      "12": 0,
      "13": 0,
      "14": 0,
      "15": 2
    },
    "f": { "0": 0, "1": 0, "2": 0, "3": 0, "4": 0 },
    "b": {}
  },
  "C:\\Users\\Administrator123\\FEAC\\home-service-full-stack\\frontend\\src\\components\\service\\ServiceCard.tsx": {
    "path": "C:\\Users\\Administrator123\\FEAC\\home-service-full-stack\\frontend\\src\\components\\service\\ServiceCard.tsx",
    "statementMap": {
      "0": {
        "start": { "line": 1, "column": 0 },
        "end": { "line": 1, "column": 56 }
      },
      "1": {
        "start": { "line": 3, "column": 0 },
        "end": { "line": 3, "column": 53 }
      },
      "2": {
        "start": { "line": 4, "column": 0 },
        "end": { "line": 4, "column": 38 }
      },
      "3": {
        "start": { "line": 5, "column": 0 },
        "end": { "line": 5, "column": 47 }
      },
      "4": {
        "start": { "line": 6, "column": 0 },
        "end": { "line": 6, "column": 44 }
      },
      "5": {
        "start": { "line": 7, "column": 0 },
        "end": { "line": 7, "column": 53 }
      },
      "6": {
        "start": { "line": 8, "column": 0 },
        "end": { "line": 8, "column": 41 }
      },
      "7": {
        "start": { "line": 9, "column": 0 },
        "end": { "line": 9, "column": 47 }
      },
      "8": {
        "start": { "line": 16, "column": 20 },
        "end": { "line": 87, "column": 1 }
      },
      "9": {
        "start": { "line": 17, "column": 22 },
        "end": { "line": 17, "column": 38 }
      },
      "10": {
        "start": { "line": 18, "column": 2 },
        "end": { "line": 18, "column": 44 }
      },
      "11": {
        "start": { "line": 18, "column": 32 },
        "end": { "line": 18, "column": 44 }
      },
      "12": {
        "start": { "line": 19, "column": 53 },
        "end": { "line": 19, "column": 60 }
      },
      "13": {
        "start": { "line": 20, "column": 15 },
        "end": { "line": 20, "column": 74 }
      },
      "14": {
        "start": { "line": 22, "column": 4 },
        "end": { "line": 22, "column": 71 }
      },
      "15": {
        "start": { "line": 23, "column": 19 },
        "end": { "line": 23, "column": 42 }
      },
      "16": {
        "start": { "line": 24, "column": 16 },
        "end": { "line": 24, "column": 27 }
      },
      "17": {
        "start": { "line": 25, "column": 32 },
        "end": { "line": 25, "column": 51 }
      },
      "18": {
        "start": { "line": 26, "column": 48 },
        "end": { "line": 26, "column": 68 }
      },
      "19": {
        "start": { "line": 27, "column": 28 },
        "end": { "line": 27, "column": 44 }
      },
      "20": {
        "start": { "line": 29, "column": 2 },
        "end": { "line": 31, "column": 19 }
      },
      "21": {
        "start": { "line": 30, "column": 4 },
        "end": { "line": 30, "column": 35 }
      },
      "22": {
        "start": { "line": 33, "column": 31 },
        "end": { "line": 53, "column": 3 }
      },
      "23": {
        "start": { "line": 34, "column": 4 },
        "end": { "line": 34, "column": 31 }
      },
      "24": {
        "start": { "line": 34, "column": 24 },
        "end": { "line": 34, "column": 31 }
      },
      "25": {
        "start": { "line": 35, "column": 31 },
        "end": { "line": 35, "column": 46 }
      },
      "26": {
        "start": { "line": 36, "column": 4 },
        "end": { "line": 36, "column": 44 }
      },
      "27": {
        "start": { "line": 38, "column": 4 },
        "end": { "line": 52, "column": 6 }
      },
      "28": {
        "start": { "line": 46, "column": 10 },
        "end": { "line": 46, "column": 49 }
      },
      "29": {
        "start": { "line": 49, "column": 10 },
        "end": { "line": 49, "column": 65 }
      },
      "30": {
        "start": { "line": 55, "column": 2 },
        "end": { "line": 86, "column": 4 }
      },
      "31": {
        "start": { "line": 66, "column": 39 },
        "end": { "line": 66, "column": 61 }
      },
      "32": {
        "start": { "line": 89, "column": 0 },
        "end": { "line": 89, "column": 27 }
      }
    },
    "fnMap": {
      "0": {
        "name": "(anonymous_0)",
        "decl": {
          "start": { "line": 16, "column": 20 },
          "end": { "line": 16, "column": 21 }
        },
        "loc": {
          "start": { "line": 16, "column": 74 },
          "end": { "line": 87, "column": 1 }
        }
      },
      "1": {
        "name": "(anonymous_1)",
        "decl": {
          "start": { "line": 29, "column": 12 },
          "end": { "line": 29, "column": 15 }
        },
        "loc": {
          "start": { "line": 29, "column": 17 },
          "end": { "line": 31, "column": 3 }
        }
      },
      "2": {
        "name": "(anonymous_2)",
        "decl": {
          "start": { "line": 33, "column": 31 },
          "end": { "line": 33, "column": 34 }
        },
        "loc": {
          "start": { "line": 33, "column": 36 },
          "end": { "line": 53, "column": 3 }
        }
      },
      "3": {
        "name": "(anonymous_3)",
        "decl": {
          "start": { "line": 45, "column": 17 },
          "end": { "line": 45, "column": 18 }
        },
        "loc": {
          "start": { "line": 45, "column": 27 },
          "end": { "line": 47, "column": 9 }
        }
      },
      "4": {
        "name": "(anonymous_4)",
        "decl": {
          "start": { "line": 48, "column": 19 },
          "end": { "line": 48, "column": 20 }
        },
        "loc": {
          "start": { "line": 48, "column": 28 },
          "end": { "line": 50, "column": 9 }
        }
      },
      "5": {
        "name": "(anonymous_5)",
        "decl": {
          "start": { "line": 66, "column": 33 },
          "end": { "line": 66, "column": 36 }
        },
        "loc": {
          "start": { "line": 66, "column": 39 },
          "end": { "line": 66, "column": 61 }
        }
      }
    },
    "branchMap": {
      "0": {
        "loc": {
          "start": { "line": 16, "column": 32 },
          "end": { "line": 16, "column": 50 }
        },
        "type": "default-arg",
        "locations": [
          {
            "start": { "line": 16, "column": 45 },
            "end": { "line": 16, "column": 50 }
          }
        ]
      },
      "1": {
        "loc": {
          "start": { "line": 18, "column": 2 },
          "end": { "line": 18, "column": 44 }
        },
        "type": "if",
        "locations": [
          {
            "start": { "line": 18, "column": 2 },
            "end": { "line": 18, "column": 44 }
          }
        ]
      },
      "2": {
        "loc": {
          "start": { "line": 18, "column": 6 },
          "end": { "line": 18, "column": 30 }
        },
        "type": "binary-expr",
        "locations": [
          {
            "start": { "line": 18, "column": 6 },
            "end": { "line": 18, "column": 14 }
          },
          {
            "start": { "line": 18, "column": 18 },
            "end": { "line": 18, "column": 30 }
          }
        ]
      },
      "3": {
        "loc": {
          "start": { "line": 20, "column": 15 },
          "end": { "line": 20, "column": 74 }
        },
        "type": "binary-expr",
        "locations": [
          {
            "start": { "line": 20, "column": 15 },
            "end": { "line": 20, "column": 58 }
          },
          {
            "start": { "line": 20, "column": 62 },
            "end": { "line": 20, "column": 74 }
          }
        ]
      },
      "4": {
        "loc": {
          "start": { "line": 22, "column": 4 },
          "end": { "line": 22, "column": 71 }
        },
        "type": "binary-expr",
        "locations": [
          {
            "start": { "line": 22, "column": 4 },
            "end": { "line": 22, "column": 51 }
          },
          {
            "start": { "line": 22, "column": 55 },
            "end": { "line": 22, "column": 71 }
          }
        ]
      },
      "5": {
        "loc": {
          "start": { "line": 34, "column": 4 },
          "end": { "line": 34, "column": 31 }
        },
        "type": "if",
        "locations": [
          {
            "start": { "line": 34, "column": 4 },
            "end": { "line": 34, "column": 31 }
          }
        ]
      },
      "6": {
        "loc": {
          "start": { "line": 34, "column": 8 },
          "end": { "line": 34, "column": 22 }
        },
        "type": "binary-expr",
        "locations": [
          {
            "start": { "line": 34, "column": 8 },
            "end": { "line": 34, "column": 12 }
          },
          {
            "start": { "line": 34, "column": 16 },
            "end": { "line": 34, "column": 22 }
          }
        ]
      },
      "7": {
        "loc": {
          "start": { "line": 57, "column": 7 },
          "end": { "line": 58, "column": null }
        },
        "type": "binary-expr",
        "locations": [
          {
            "start": { "line": 57, "column": 7 },
            "end": { "line": 57, "column": 28 }
          },
          {
            "start": { "line": 58, "column": 8 },
            "end": { "line": 58, "column": 70 }
          }
        ]
      },
      "8": {
        "loc": {
          "start": { "line": 74, "column": 14 },
          "end": { "line": 74, "column": 76 }
        },
        "type": "cond-expr",
        "locations": [
          {
            "start": { "line": 74, "column": 32 },
            "end": { "line": 74, "column": 55 }
          },
          {
            "start": { "line": 74, "column": 58 },
            "end": { "line": 74, "column": 76 }
          }
        ]
      },
      "9": {
        "loc": {
          "start": { "line": 77, "column": 13 },
          "end": { "line": 80, "column": null }
        },
        "type": "cond-expr",
        "locations": [
          {
            "start": { "line": 78, "column": 14 },
            "end": { "line": 78, "column": 39 }
          },
          {
            "start": { "line": 80, "column": 14 },
            "end": { "line": 80, "column": 42 }
          }
        ]
      }
    },
    "s": {
      "0": 1,
      "1": 1,
      "2": 1,
      "3": 1,
      "4": 1,
      "5": 1,
      "6": 1,
      "7": 1,
      "8": 1,
      "9": 15,
      "10": 15,
      "11": 1,
      "12": 14,
      "13": 14,
      "14": 14,
      "15": 14,
      "16": 14,
      "17": 14,
      "18": 14,
      "19": 14,
      "20": 14,
      "21": 12,
      "22": 14,
      "23": 1,
      "24": 0,
      "25": 1,
      "26": 1,
      "27": 1,
      "28": 0,
      "29": 0,
      "30": 14,
      "31": 1,
      "32": 1
    },
    "f": { "0": 15, "1": 12, "2": 1, "3": 0, "4": 0, "5": 1 },
    "b": {
      "0": [0],
      "1": [1],
      "2": [15, 14],
      "3": [14, 0],
      "4": [14, 0],
      "5": [0],
      "6": [1, 1],
      "7": [14, 13],
      "8": [2, 12],
      "9": [2, 12]
    }
  },
  "C:\\Users\\Administrator123\\FEAC\\home-service-full-stack\\frontend\\src\\components\\service\\ServiceList.tsx": {
    "path": "C:\\Users\\Administrator123\\FEAC\\home-service-full-stack\\frontend\\src\\components\\service\\ServiceList.tsx",
    "statementMap": {
      "0": {
        "start": { "line": 1, "column": 0 },
        "end": { "line": 1, "column": 47 }
      },
      "1": {
        "start": { "line": 3, "column": 0 },
        "end": { "line": 3, "column": 40 }
      },
      "2": {
        "start": { "line": 4, "column": 0 },
        "end": { "line": 4, "column": 36 }
      },
      "3": {
        "start": { "line": 12, "column": 48 },
        "end": { "line": 24, "column": 1 }
      },
      "4": {
        "start": { "line": 13, "column": 2 },
        "end": { "line": 23, "column": 4 }
      },
      "5": {
        "start": { "line": 16, "column": 8 },
        "end": { "line": 17, "column": null }
      },
      "6": {
        "start": { "line": 26, "column": 0 },
        "end": { "line": 26, "column": 27 }
      }
    },
    "fnMap": {
      "0": {
        "name": "(anonymous_0)",
        "decl": {
          "start": { "line": 12, "column": 48 },
          "end": { "line": 12, "column": 49 }
        },
        "loc": {
          "start": { "line": 12, "column": 76 },
          "end": { "line": 24, "column": 1 }
        }
      },
      "1": {
        "name": "(anonymous_1)",
        "decl": {
          "start": { "line": 15, "column": 20 },
          "end": { "line": 15, "column": 21 }
        },
        "loc": {
          "start": { "line": 16, "column": 8 },
          "end": { "line": 17, "column": null }
        }
      }
    },
    "branchMap": {},
    "s": { "0": 1, "1": 1, "2": 1, "3": 1, "4": 3, "5": 4, "6": 1 },
    "f": { "0": 3, "1": 4 },
    "b": {}
  },
  "C:\\Users\\Administrator123\\FEAC\\home-service-full-stack\\frontend\\src\\components\\user\\LoginForm.tsx": {
    "path": "C:\\Users\\Administrator123\\FEAC\\home-service-full-stack\\frontend\\src\\components\\user\\LoginForm.tsx",
    "statementMap": {
      "0": {
        "start": { "line": 1, "column": 0 },
        "end": { "line": 1, "column": 40 }
      },
      "1": {
        "start": { "line": 2, "column": 0 },
        "end": { "line": 2, "column": 45 }
      },
      "2": {
        "start": { "line": 3, "column": 0 },
        "end": { "line": 3, "column": 38 }
      },
      "3": {
        "start": { "line": 4, "column": 0 },
        "end": { "line": 4, "column": 75 }
      },
      "4": {
        "start": { "line": 6, "column": 0 },
        "end": { "line": 6, "column": 48 }
      },
      "5": {
        "start": { "line": 7, "column": 0 },
        "end": { "line": 7, "column": 38 }
      },
      "6": {
        "start": { "line": 8, "column": 0 },
        "end": { "line": 8, "column": 48 }
      },
      "7": {
        "start": { "line": 9, "column": 0 },
        "end": { "line": 9, "column": 78 }
      },
      "8": {
        "start": { "line": 10, "column": 0 },
        "end": { "line": 10, "column": 53 }
      },
      "9": {
        "start": { "line": 11, "column": 0 },
        "end": { "line": 11, "column": 39 }
      },
      "10": {
        "start": { "line": 13, "column": 0 },
        "end": { "line": 13, "column": 47 }
      },
      "11": {
        "start": { "line": 15, "column": 18 },
        "end": { "line": 75, "column": 1 }
      },
      "12": {
        "start": { "line": 16, "column": 16 },
        "end": { "line": 16, "column": 32 }
      },
      "13": {
        "start": { "line": 17, "column": 26 },
        "end": { "line": 17, "column": 55 }
      },
      "14": {
        "start": { "line": 19, "column": 4 },
        "end": { "line": 19, "column": 65 }
      },
      "15": {
        "start": { "line": 20, "column": 20 },
        "end": { "line": 20, "column": 43 }
      },
      "16": {
        "start": { "line": 21, "column": 28 },
        "end": { "line": 21, "column": 40 }
      },
      "17": {
        "start": { "line": 22, "column": 37 },
        "end": { "line": 22, "column": 51 }
      },
      "18": {
        "start": { "line": 23, "column": 19 },
        "end": { "line": 23, "column": 32 }
      },
      "19": {
        "start": { "line": 25, "column": 23 },
        "end": { "line": 34, "column": 3 }
      },
      "20": {
        "start": { "line": 26, "column": 4 },
        "end": { "line": 33, "column": 5 }
      },
      "21": {
        "start": { "line": 27, "column": 23 },
        "end": { "line": 27, "column": 50 }
      },
      "22": {
        "start": { "line": 28, "column": 6 },
        "end": { "line": 28, "column": 27 }
      },
      "23": {
        "start": { "line": 29, "column": 6 },
        "end": { "line": 29, "column": 52 }
      },
      "24": {
        "start": { "line": 31, "column": 27 },
        "end": { "line": 31, "column": 49 }
      },
      "25": {
        "start": { "line": 32, "column": 6 },
        "end": { "line": 32, "column": 58 }
      },
      "26": {
        "start": { "line": 36, "column": 2 },
        "end": { "line": 74, "column": 4 }
      },
      "27": {
        "start": { "line": 77, "column": 0 },
        "end": { "line": 77, "column": 25 }
      }
    },
    "fnMap": {
      "0": {
        "name": "(anonymous_0)",
        "decl": {
          "start": { "line": 15, "column": 18 },
          "end": { "line": 15, "column": 21 }
        },
        "loc": {
          "start": { "line": 15, "column": 23 },
          "end": { "line": 75, "column": 1 }
        }
      },
      "1": {
        "name": "(anonymous_1)",
        "decl": {
          "start": { "line": 25, "column": 23 },
          "end": { "line": 25, "column": 28 }
        },
        "loc": {
          "start": { "line": 25, "column": 58 },
          "end": { "line": 34, "column": 3 }
        }
      }
    },
    "branchMap": {
      "0": {
        "loc": {
          "start": { "line": 17, "column": 10 },
          "end": { "line": 17, "column": 21 }
        },
        "type": "default-arg",
        "locations": [
          {
            "start": { "line": 17, "column": 17 },
            "end": { "line": 17, "column": 21 }
          }
        ]
      },
      "1": {
        "loc": {
          "start": { "line": 19, "column": 4 },
          "end": { "line": 19, "column": 65 }
        },
        "type": "cond-expr",
        "locations": [
          {
            "start": { "line": 19, "column": 54 },
            "end": { "line": 19, "column": 58 }
          },
          {
            "start": { "line": 19, "column": 61 },
            "end": { "line": 19, "column": 65 }
          }
        ]
      },
      "2": {
        "loc": {
          "start": { "line": 19, "column": 4 },
          "end": { "line": 19, "column": 51 }
        },
        "type": "binary-expr",
        "locations": [
          {
            "start": { "line": 19, "column": 4 },
            "end": { "line": 19, "column": 17 }
          },
          {
            "start": { "line": 19, "column": 21 },
            "end": { "line": 19, "column": 34 }
          },
          {
            "start": { "line": 19, "column": 38 },
            "end": { "line": 19, "column": 51 }
          }
        ]
      },
      "3": {
        "loc": {
          "start": { "line": 32, "column": 15 },
          "end": { "line": 32, "column": 56 }
        },
        "type": "binary-expr",
        "locations": [
          {
            "start": { "line": 32, "column": 15 },
            "end": { "line": 32, "column": 50 }
          },
          {
            "start": { "line": 32, "column": 54 },
            "end": { "line": 32, "column": 56 }
          }
        ]
      },
      "4": {
        "loc": {
          "start": { "line": 61, "column": 11 },
          "end": { "line": 61, "column": 59 }
        },
        "type": "binary-expr",
        "locations": [
          {
            "start": { "line": 61, "column": 11 },
            "end": { "line": 61, "column": 16 }
          },
          {
            "start": { "line": 61, "column": 20 },
            "end": { "line": 61, "column": 59 }
          }
        ]
      }
    },
    "s": {
      "0": 1,
      "1": 1,
      "2": 1,
      "3": 1,
      "4": 1,
      "5": 1,
      "6": 1,
      "7": 1,
      "8": 1,
      "9": 1,
      "10": 1,
      "11": 1,
      "12": 6,
      "13": 6,
      "14": 5,
      "15": 5,
      "16": 5,
      "17": 5,
      "18": 5,
      "19": 5,
      "20": 2,
      "21": 2,
      "22": 1,
      "23": 1,
      "24": 1,
      "25": 1,
      "26": 5,
      "27": 1
    },
    "f": { "0": 6, "1": 2 },
    "b": { "0": [5], "1": [5, 0], "2": [5, 0, 0], "3": [1, 0], "4": [5, 1] }
  },
  "C:\\Users\\Administrator123\\FEAC\\home-service-full-stack\\frontend\\src\\components\\user\\consts.ts": {
    "path": "C:\\Users\\Administrator123\\FEAC\\home-service-full-stack\\frontend\\src\\components\\user\\consts.ts",
    "statementMap": {
      "0": {
        "start": { "line": 1, "column": 0 },
        "end": { "line": 1, "column": 27 }
      },
      "1": {
        "start": { "line": 3, "column": 0 },
        "end": { "line": 3, "column": 56 }
      },
      "2": {
        "start": { "line": 5, "column": 37 },
        "end": { "line": 13, "column": 4 }
      },
      "3": {
        "start": { "line": 8, "column": 2 },
        "end": { "line": 13, "column": 4 }
      },
      "4": {
        "start": { "line": 5, "column": 13 },
        "end": { "line": 5, "column": 37 }
      },
      "5": {
        "start": { "line": 15, "column": 40 },
        "end": { "line": 24, "column": 4 }
      },
      "6": {
        "start": { "line": 18, "column": 2 },
        "end": { "line": 24, "column": 4 }
      },
      "7": {
        "start": { "line": 15, "column": 13 },
        "end": { "line": 15, "column": 40 }
      },
      "8": {
        "start": { "line": 26, "column": 13 },
        "end": { "line": 29, "column": 2 }
      },
      "9": {
        "start": { "line": 31, "column": 13 },
        "end": { "line": 35, "column": 2 }
      }
    },
    "fnMap": {
      "0": {
        "name": "(anonymous_0)",
        "decl": {
          "start": { "line": 5, "column": 37 },
          "end": { "line": 5, "column": null }
        },
        "loc": {
          "start": { "line": 8, "column": 2 },
          "end": { "line": 13, "column": 4 }
        }
      },
      "1": {
        "name": "(anonymous_1)",
        "decl": {
          "start": { "line": 15, "column": 40 },
          "end": { "line": 15, "column": null }
        },
        "loc": {
          "start": { "line": 18, "column": 2 },
          "end": { "line": 24, "column": 4 }
        }
      }
    },
    "branchMap": {},
    "s": {
      "0": 1,
      "1": 1,
      "2": 1,
      "3": 5,
      "4": 1,
      "5": 1,
      "6": 0,
      "7": 1,
      "8": 1,
      "9": 1
    },
    "f": { "0": 5, "1": 0 },
    "b": {}
  },
  "C:\\Users\\Administrator123\\FEAC\\home-service-full-stack\\frontend\\src\\constants\\errorMessage.ts": {
    "path": "C:\\Users\\Administrator123\\FEAC\\home-service-full-stack\\frontend\\src\\constants\\errorMessage.ts",
    "statementMap": {
      "0": {
        "start": { "line": 1, "column": 13 },
        "end": { "line": 23, "column": 2 }
      }
    },
    "fnMap": {},
    "branchMap": {},
    "s": { "0": 1 },
    "f": {},
    "b": {}
  },
  "C:\\Users\\Administrator123\\FEAC\\home-service-full-stack\\frontend\\src\\constants\\routes.ts": {
    "path": "C:\\Users\\Administrator123\\FEAC\\home-service-full-stack\\frontend\\src\\constants\\routes.ts",
    "statementMap": {
      "0": {
        "start": { "line": 1, "column": 13 },
        "end": { "line": 14, "column": 2 }
      }
    },
    "fnMap": {},
    "branchMap": {},
    "s": { "0": 1 },
    "f": {},
    "b": {}
  }
}
