TN:
SF:src\components\booking\BookingCard.tsx
FN:16,(anonymous_0)
FN:30,(anonymous_1)
FN:38,(anonymous_2)
FN:91,(anonymous_3)
FNF:4
FNH:4
FNDA:5,(anonymous_0)
FNDA:1,(anonymous_1)
FNDA:1,(anonymous_2)
FNDA:1,(anonymous_3)
DA:1,1
DA:2,1
DA:3,1
DA:4,1
DA:6,1
DA:7,1
DA:8,1
DA:9,1
DA:10,1
DA:16,1
DA:17,5
DA:18,5
DA:19,5
DA:20,5
DA:21,5
DA:24,5
DA:26,5
DA:28,5
DA:30,5
DA:31,1
DA:32,1
DA:35,5
DA:39,1
DA:40,1
DA:92,1
DA:93,1
DA:106,1
LF:27
LH:27
BRDA:24,0,0,5
BRDA:24,0,1,0
BRDA:24,1,0,5
BRDA:24,1,1,5
BRDA:26,2,0,0
BRDA:26,2,1,5
BRDA:28,3,0,5
BRDA:28,3,1,0
BRDA:39,4,0,1
BRDA:44,5,0,5
BRDA:44,5,1,5
BRDA:72,6,0,4
BRDA:72,6,1,1
BRDA:85,7,0,5
BRDA:85,7,1,4
BRF:15
BRH:12
end_of_record
TN:
SF:src\components\category\CategoryCard.tsx
FN:14,(anonymous_0)
FN:32,(anonymous_1)
FN:41,(anonymous_2)
FNF:3
FNH:1
FNDA:7,(anonymous_0)
FNDA:0,(anonymous_1)
FNDA:0,(anonymous_2)
DA:2,4
DA:3,4
DA:4,4
DA:5,4
DA:7,4
DA:14,4
DA:15,7
DA:16,7
DA:17,7
DA:19,7
DA:22,7
DA:30,7
DA:32,7
DA:33,0
DA:34,0
DA:38,7
DA:41,0
DA:53,4
LF:18
LH:15
BRDA:17,0,0,7
BRDA:17,0,1,6
BRDA:22,1,0,0
BRDA:22,1,1,7
BRDA:22,2,0,7
BRDA:22,2,1,7
BRDA:22,2,2,7
BRDA:30,3,0,7
BRDA:30,3,1,6
BRDA:33,4,0,0
BRDA:40,5,0,7
BRDA:40,5,1,0
BRF:12
BRH:9
end_of_record
TN:
SF:src\components\category\CategoryList.tsx
FN:5,(anonymous_0)
FN:10,(anonymous_1)
FNF:2
FNH:2
FNDA:2,(anonymous_0)
FNDA:3,(anonymous_1)
DA:1,1
DA:2,1
DA:3,1
DA:5,1
DA:6,2
DA:8,2
DA:11,3
DA:21,1
LF:8
LH:8
BRF:0
BRH:0
end_of_record
TN:
SF:src\components\category\VerticalCategoryList.tsx
FN:6,(anonymous_0)
FN:14,(anonymous_1)
FNF:2
FNH:2
FNDA:21,(anonymous_0)
FNDA:3,(anonymous_1)
DA:1,2
DA:2,2
DA:3,2
DA:4,2
DA:6,2
DA:7,21
DA:8,21
DA:10,21
DA:15,3
DA:26,2
LF:10
LH:10
BRF:0
BRH:0
end_of_record
TN:
SF:src\components\category\api.ts
FN:4,(anonymous_0)
FN:13,(anonymous_1)
FNF:2
FNH:1
FNDA:1,(anonymous_0)
FNDA:0,(anonymous_1)
DA:1,1
DA:4,1
DA:5,1
DA:6,1
DA:7,0
DA:9,0
DA:13,1
DA:17,0
DA:21,0
LF:9
LH:5
BRF:0
BRH:0
end_of_record
TN:
SF:src\components\category\hooks.ts
FN:8,(anonymous_0)
FN:12,(anonymous_1)
FNF:2
FNH:2
FNDA:20,(anonymous_0)
FNDA:1,(anonymous_1)
DA:1,1
DA:2,1
DA:3,1
DA:6,1
DA:8,1
DA:9,20
DA:10,20
DA:12,1
LF:8
LH:8
BRDA:12,0,0,1
BRDA:12,0,1,0
BRF:2
BRH:1
end_of_record
TN:
SF:src\components\common\Avatar.tsx
FN:9,(anonymous_0)
FNF:1
FNH:1
FNDA:1,(anonymous_0)
DA:1,1
DA:9,1
DA:10,1
DA:20,1
LF:4
LH:4
BRDA:12,0,0,1
BRDA:12,0,1,1
BRF:2
BRH:2
end_of_record
TN:
SF:src\components\common\Button.tsx
FN:13,(anonymous_0)
FNF:1
FNH:1
FNDA:115,(anonymous_0)
DA:1,8
DA:2,8
DA:13,8
DA:23,115
DA:42,8
LF:5
LH:5
BRDA:27,0,0,115
BRDA:27,0,1,36
BRDA:28,1,0,115
BRDA:28,1,1,44
BRDA:29,2,0,115
BRDA:29,2,1,5
BRDA:30,3,0,115
BRDA:30,3,1,4
BRDA:31,4,0,115
BRDA:31,4,1,9
BRDA:32,5,0,115
BRDA:32,5,1,3
BRF:12
BRH:12
end_of_record
TN:
SF:src\components\common\FilteredList.tsx
FN:17,(anonymous_0)
FN:31,(anonymous_1)
FN:37,(anonymous_2)
FN:50,(anonymous_3)
FNF:4
FNH:4
FNDA:4,(anonymous_0)
FNDA:8,(anonymous_1)
FNDA:1,(anonymous_2)
FNDA:2,(anonymous_3)
DA:1,1
DA:2,1
DA:3,1
DA:17,1
DA:27,4
DA:32,8
DA:37,1
DA:50,2
DA:59,1
LF:9
LH:9
BRDA:39,0,0,2
BRDA:39,0,1,6
BRDA:46,1,0,4
BRDA:46,1,1,0
BRDA:49,2,0,1
BRDA:49,2,1,3
BRF:6
BRH:5
end_of_record
TN:
SF:src\components\common\FormikInput.tsx
FN:10,(anonymous_0)
FNF:1
FNH:1
FNDA:58,(anonymous_0)
DA:1,2
DA:2,2
DA:3,2
DA:10,2
DA:11,58
DA:24,2
LF:6
LH:6
BRDA:13,0,0,58
BRDA:13,0,1,0
BRF:2
BRH:1
end_of_record
TN:
SF:src\components\common\Input.tsx
FN:8,(anonymous_0)
FNF:1
FNH:1
FNDA:96,(anonymous_0)
DA:1,3
DA:2,3
DA:8,3
DA:9,96
DA:17,3
LF:5
LH:5
BRDA:11,0,0,96
BRDA:11,0,1,20
BRF:2
BRH:2
end_of_record
TN:
SF:src\components\common\LanguageSwither.tsx
FN:6,(anonymous_0)
FN:13,(anonymous_1)
FN:25,(anonymous_2)
FN:32,(anonymous_3)
FN:39,(anonymous_4)
FNF:5
FNH:4
FNDA:3,(anonymous_0)
FNDA:2,(anonymous_1)
FNDA:0,(anonymous_2)
FNDA:1,(anonymous_3)
FNDA:1,(anonymous_4)
DA:1,1
DA:2,1
DA:3,1
DA:4,1
DA:6,1
DA:7,3
DA:8,3
DA:9,3
DA:11,3
DA:13,3
DA:14,2
DA:16,2
DA:17,2
DA:18,2
DA:21,3
DA:25,0
DA:32,1
DA:39,1
DA:48,1
LF:19
LH:18
BRDA:11,0,0,3
BRDA:11,0,1,0
BRF:2
BRH:1
end_of_record
TN:
SF:src\components\common\Modal.tsx
FN:14,(anonymous_0)
FN:38,(anonymous_1)
FNF:2
FNH:1
FNDA:4,(anonymous_0)
FNDA:0,(anonymous_1)
DA:1,1
DA:2,1
DA:3,1
DA:14,1
DA:21,4
DA:23,1
DA:38,0
DA:55,1
LF:8
LH:7
BRDA:21,0,0,3
BRDA:26,1,0,1
BRDA:26,1,1,1
BRDA:26,1,2,0
BRDA:27,2,0,1
BRDA:27,2,1,0
BRDA:28,3,0,1
BRDA:28,3,1,1
BRDA:34,4,0,1
BRDA:34,4,1,1
BRDA:34,4,2,0
BRDA:35,5,0,1
BRDA:35,5,1,0
BRDA:36,6,0,1
BRDA:36,6,1,1
BRDA:42,7,0,1
BRDA:42,7,1,1
BRDA:42,7,2,0
BRDA:43,8,0,1
BRDA:43,8,1,0
BRDA:44,9,0,1
BRDA:44,9,1,1
BRF:22
BRH:16
end_of_record
TN:
SF:src\components\common\ServicesContent.tsx
FN:15,(anonymous_0)
FN:24,(anonymous_1)
FN:26,(anonymous_2)
FN:40,(anonymous_3)
FNF:4
FNH:4
FNDA:20,(anonymous_0)
FNDA:11,(anonymous_1)
FNDA:22,(anonymous_2)
FNDA:3,(anonymous_3)
DA:1,1
DA:2,1
DA:3,1
DA:4,1
DA:5,1
DA:7,1
DA:8,1
DA:9,1
DA:15,1
DA:16,20
DA:17,20
DA:18,20
DA:19,20
DA:21,20
DA:22,20
DA:24,20
DA:25,11
DA:26,11
DA:28,22
DA:30,22
DA:36,11
DA:40,20
DA:41,3
DA:44,20
DA:70,1
LF:25
LH:25
BRDA:22,0,0,0
BRDA:25,1,0,11
BRDA:28,2,0,22
BRDA:28,2,1,0
BRDA:31,3,0,22
BRDA:31,3,1,4
BRDA:31,3,2,20
BRF:7
BRH:5
end_of_record
TN:
SF:src\components\common\UrlIcon.tsx
FN:10,(anonymous_0)
FNF:1
FNH:1
FNDA:7,(anonymous_0)
DA:1,4
DA:2,4
DA:10,4
DA:11,7
DA:16,4
LF:5
LH:5
BRF:0
BRH:0
end_of_record
TN:
SF:src\components\context\UserContext.tsx
FN:13,(anonymous_0)
FN:14,(anonymous_1)
FN:17,(anonymous_2)
FN:23,(anonymous_3)
FN:28,(anonymous_4)
FNF:5
FNH:3
FNDA:0,(anonymous_0)
FNDA:0,(anonymous_1)
FNDA:6,(anonymous_2)
FNDA:2,(anonymous_3)
FNDA:1,(anonymous_4)
DA:1,10
DA:2,10
DA:5,10
DA:17,10
DA:18,6
DA:19,6
DA:21,6
DA:23,6
DA:24,2
DA:25,2
DA:28,6
DA:29,1
DA:30,1
DA:33,6
DA:40,10
LF:15
LH:15
BRF:0
BRH:0
end_of_record
TN:
SF:src\components\layout\Topbar.tsx
FN:15,(anonymous_0)
FN:56,(anonymous_1)
FN:69,(anonymous_2)
FN:74,(anonymous_3)
FN:113,(anonymous_4)
FN:118,(anonymous_5)
FN:131,(anonymous_6)
FN:138,(anonymous_7)
FN:151,(anonymous_8)
FN:171,(anonymous_9)
FN:182,(anonymous_10)
FN:190,(anonymous_11)
FNF:12
FNH:4
FNDA:6,(anonymous_0)
FNDA:0,(anonymous_1)
FNDA:0,(anonymous_2)
FNDA:0,(anonymous_3)
FNDA:18,(anonymous_4)
FNDA:0,(anonymous_5)
FNDA:0,(anonymous_6)
FNDA:0,(anonymous_7)
FNDA:0,(anonymous_8)
FNDA:0,(anonymous_9)
FNDA:1,(anonymous_10)
FNDA:1,(anonymous_11)
DA:1,1
DA:2,1
DA:3,1
DA:4,1
DA:5,1
DA:6,1
DA:7,1
DA:8,1
DA:9,1
DA:10,1
DA:12,1
DA:13,1
DA:15,1
DA:16,6
DA:17,6
DA:18,6
DA:19,6
DA:21,6
DA:36,6
DA:52,6
DA:53,6
DA:54,6
DA:56,6
DA:57,0
DA:58,0
DA:59,0
DA:60,0
DA:65,0
DA:69,6
DA:70,0
DA:71,0
DA:74,6
DA:75,0
DA:76,0
DA:78,0
DA:79,0
DA:80,0
DA:83,0
DA:86,6
DA:114,18
DA:118,0
DA:131,0
DA:139,0
DA:144,0
DA:146,0
DA:151,0
DA:171,0
DA:182,1
DA:191,1
DA:192,1
DA:203,1
LF:51
LH:31
BRDA:19,0,0,0
BRDA:40,1,0,6
BRDA:40,1,1,5
BRDA:46,2,0,6
BRDA:46,2,1,5
BRDA:58,3,0,0
BRDA:58,3,1,0
BRDA:58,4,0,0
BRDA:58,4,1,0
BRDA:60,5,0,0
BRDA:61,6,0,0
BRDA:61,6,1,0
BRDA:61,6,2,0
BRDA:78,7,0,0
BRDA:100,8,0,1
BRDA:100,8,1,5
BRDA:108,9,0,1
BRDA:108,9,1,5
BRDA:125,10,0,1
BRDA:125,10,1,5
BRDA:127,11,0,1
BRDA:127,11,1,0
BRDA:144,12,0,0
BRDA:162,13,0,0
BRDA:162,13,1,1
BRDA:170,14,0,1
BRDA:170,14,1,4
BRDA:179,15,0,5
BRDA:179,15,1,1
BRF:29
BRH:16
end_of_record
TN:
SF:src\components\pages\About\About.tsx
FN:8,(anonymous_0)
FN:13,(anonymous_1)
FNF:2
FNH:2
FNDA:9,(anonymous_0)
FNDA:4,(anonymous_1)
DA:1,1
DA:2,1
DA:3,1
DA:4,1
DA:5,1
DA:6,1
DA:8,1
DA:9,9
DA:10,9
DA:11,9
DA:13,8
DA:14,4
DA:17,8
DA:105,1
LF:14
LH:14
BRDA:9,0,0,0
BRDA:28,1,0,3
BRDA:28,1,1,5
BRDA:30,2,0,8
BRDA:30,2,1,5
BRDA:33,3,0,8
BRDA:33,3,1,3
BRDA:54,4,0,3
BRDA:54,4,1,3
BRDA:98,5,0,3
BRDA:98,5,1,5
BRF:11
BRH:10
end_of_record
TN:
SF:src\components\pages\BookingsPage\BookingsPage.tsx
FN:15,(anonymous_0)
FN:24,(anonymous_1)
FN:26,(anonymous_2)
FN:32,(anonymous_3)
FN:60,(anonymous_4)
FNF:5
FNH:5
FNDA:4,(anonymous_0)
FNDA:4,(anonymous_1)
FNDA:4,(anonymous_2)
FNDA:1,(anonymous_3)
FNDA:3,(anonymous_4)
DA:1,1
DA:2,1
DA:3,1
DA:4,1
DA:6,1
DA:7,1
DA:9,1
DA:15,1
DA:16,4
DA:21,4
DA:22,4
DA:24,4
DA:25,4
DA:26,4
DA:29,4
DA:30,4
DA:32,4
DA:34,1
DA:35,1
DA:44,4
DA:45,3
DA:46,1
DA:52,2
DA:61,3
DA:67,1
LF:25
LH:25
BRDA:18,0,0,0
BRDA:25,1,0,4
BRDA:25,1,1,0
BRDA:34,2,0,1
BRDA:34,2,1,0
BRDA:44,3,0,1
BRDA:45,4,0,1
BRDA:55,5,0,2
BRDA:55,5,1,0
BRF:9
BRH:5
end_of_record
TN:
SF:src\components\pages\BusinessPartnersPage\BusinessPartnersPage.tsx
FN:9,(anonymous_0)
FN:15,(anonymous_1)
FN:16,(anonymous_2)
FN:22,(anonymous_3)
FNF:4
FNH:3
FNDA:3,(anonymous_0)
FNDA:1,(anonymous_1)
FNDA:0,(anonymous_2)
FNDA:2,(anonymous_3)
DA:1,1
DA:2,1
DA:3,1
DA:4,1
DA:5,1
DA:6,1
DA:7,1
DA:9,1
DA:10,3
DA:11,3
DA:12,3
DA:13,3
DA:15,3
DA:16,3
DA:17,0
DA:18,0
DA:19,0
DA:22,3
DA:23,2
DA:24,0
DA:28,3
DA:102,1
LF:22
LH:18
BRDA:23,0,0,0
BRDA:89,1,0,1
BRDA:89,1,1,2
BRF:3
BRH:2
end_of_record
TN:
SF:src\components\pages\FavoritesPage\FavoritesPage.tsx
FN:10,(anonymous_0)
FN:66,(anonymous_1)
FN:88,(anonymous_2)
FN:94,(anonymous_3)
FN:100,(anonymous_4)
FN:122,(anonymous_5)
FNF:6
FNH:5
FNDA:5,(anonymous_0)
FNDA:4,(anonymous_1)
FNDA:13,(anonymous_2)
FNDA:2,(anonymous_3)
FNDA:0,(anonymous_4)
FNDA:3,(anonymous_5)
DA:1,1
DA:2,1
DA:3,1
DA:4,1
DA:5,1
DA:6,1
DA:7,1
DA:8,1
DA:10,1
DA:11,5
DA:12,5
DA:17,5
DA:50,5
DA:51,5
DA:53,5
DA:54,5
DA:58,5
DA:60,5
DA:61,1
DA:64,4
DA:66,4
DA:67,4
DA:71,0
DA:81,4
DA:83,4
DA:84,3
DA:87,2
DA:88,13
DA:92,2
DA:96,2
DA:97,2
DA:100,2
DA:101,0
DA:104,0
DA:112,0
DA:115,2
DA:123,3
DA:131,1
LF:38
LH:34
BRDA:12,0,0,0
BRDA:60,1,0,1
BRDA:64,2,0,4
BRDA:64,2,1,0
BRDA:67,3,0,0
BRDA:68,4,0,4
BRDA:68,4,1,1
BRDA:83,5,0,1
BRDA:84,6,0,1
BRDA:87,7,0,2
BRDA:87,7,1,1
BRDA:92,8,0,1
BRDA:92,8,1,1
BRDA:92,9,0,2
BRDA:92,9,1,1
BRDA:93,10,0,1
BRDA:93,10,1,0
BRDA:94,11,0,1
BRDA:94,11,1,0
BRDA:96,12,0,2
BRDA:96,12,1,0
BRDA:104,13,0,0
BRDA:104,13,1,0
BRDA:120,14,0,2
BRDA:120,14,1,1
BRF:25
BRH:17
end_of_record
TN:
SF:src\components\service\ServiceCard.tsx
FN:16,(anonymous_0)
FN:32,(anonymous_1)
FN:36,(anonymous_2)
FN:48,(anonymous_3)
FN:51,(anonymous_4)
FN:69,(anonymous_5)
FNF:6
FNH:4
FNDA:38,(anonymous_0)
FNDA:25,(anonymous_1)
FNDA:1,(anonymous_2)
FNDA:0,(anonymous_3)
FNDA:0,(anonymous_4)
FNDA:1,(anonymous_5)
DA:1,2
DA:3,2
DA:4,2
DA:5,2
DA:6,2
DA:7,2
DA:8,2
DA:9,2
DA:16,2
DA:17,38
DA:18,38
DA:19,37
DA:20,37
DA:22,37
DA:24,37
DA:26,37
DA:27,37
DA:28,37
DA:29,37
DA:30,37
DA:32,37
DA:33,25
DA:36,37
DA:37,1
DA:38,1
DA:39,1
DA:41,1
DA:49,0
DA:52,0
DA:58,37
DA:69,1
DA:92,2
LF:32
LH:30
BRDA:16,0,0,23
BRDA:18,1,0,1
BRDA:18,2,0,38
BRDA:18,2,1,37
BRDA:20,3,0,37
BRDA:20,3,1,0
BRDA:22,4,0,37
BRDA:22,4,1,0
BRDA:24,5,0,37
BRDA:24,5,1,0
BRDA:37,6,0,0
BRDA:37,7,0,1
BRDA:37,7,1,1
BRDA:60,8,0,37
BRDA:60,8,1,13
BRDA:77,9,0,2
BRDA:77,9,1,35
BRDA:80,10,0,2
BRDA:80,10,1,35
BRF:19
BRH:15
end_of_record
TN:
SF:src\components\service\ServiceInfoHeader.tsx
FN:11,(anonymous_0)
FN:16,(anonymous_1)
FNF:2
FNH:2
FNDA:4,(anonymous_0)
FNDA:2,(anonymous_1)
DA:1,1
DA:2,1
DA:3,1
DA:4,1
DA:5,1
DA:6,1
DA:7,1
DA:8,1
DA:9,1
DA:11,1
DA:12,4
DA:13,4
DA:14,4
DA:16,4
DA:17,2
DA:19,2
DA:21,2
DA:22,2
DA:23,1
DA:27,1
DA:33,4
DA:77,1
LF:22
LH:22
BRDA:17,0,0,0
BRF:1
BRH:0
end_of_record
TN:
SF:src\components\service\ServiceInfoSection.tsx
FN:7,(anonymous_0)
FN:13,(anonymous_1)
FN:18,(anonymous_2)
FN:30,(anonymous_3)
FN:36,(anonymous_4)
FNF:5
FNH:4
FNDA:4,(anonymous_0)
FNDA:1,(anonymous_1)
FNDA:0,(anonymous_2)
FNDA:6,(anonymous_3)
FNDA:1,(anonymous_4)
DA:1,1
DA:2,1
DA:3,1
DA:4,1
DA:5,1
DA:7,1
DA:8,4
DA:9,4
DA:10,4
DA:11,4
DA:13,4
DA:14,1
DA:15,1
DA:18,4
DA:19,0
DA:20,0
DA:23,4
DA:31,6
DA:36,1
DA:56,1
LF:20
LH:18
BRDA:29,0,0,3
BRDA:29,0,1,1
BRDA:44,1,0,4
BRDA:44,1,1,1
BRF:4
BRH:4
end_of_record
TN:
SF:src\components\service\ServiceList.tsx
FN:12,(anonymous_0)
FN:15,(anonymous_1)
FNF:2
FNH:2
FNDA:23,(anonymous_0)
FNDA:27,(anonymous_1)
DA:1,2
DA:3,2
DA:4,2
DA:12,2
DA:13,23
DA:16,27
DA:26,2
LF:7
LH:7
BRF:0
BRH:0
end_of_record
TN:
SF:src\components\service\SimilarService.tsx
FN:7,(anonymous_0)
FN:14,(anonymous_1)
FN:23,(anonymous_2)
FNF:3
FNH:3
FNDA:6,(anonymous_0)
FNDA:14,(anonymous_1)
FNDA:7,(anonymous_2)
DA:1,2
DA:2,2
DA:3,2
DA:4,2
DA:5,2
DA:7,2
DA:8,6
DA:9,6
DA:10,6
DA:11,6
DA:13,6
DA:15,14
DA:19,6
DA:24,7
DA:50,2
LF:15
LH:15
BRDA:10,0,0,6
BRDA:10,0,1,0
BRDA:15,1,0,14
BRDA:15,1,1,11
BRF:4
BRH:3
end_of_record
TN:
SF:src\components\service\api.ts
FN:4,(anonymous_0)
FN:8,(anonymous_1)
FN:14,(anonymous_2)
FN:22,(anonymous_3)
FN:29,(anonymous_4)
FN:37,(anonymous_5)
FN:45,(anonymous_6)
FNF:7
FNH:0
FNDA:0,(anonymous_0)
FNDA:0,(anonymous_1)
FNDA:0,(anonymous_2)
FNDA:0,(anonymous_3)
FNDA:0,(anonymous_4)
FNDA:0,(anonymous_5)
FNDA:0,(anonymous_6)
DA:1,4
DA:4,4
DA:7,0
DA:8,0
DA:14,4
DA:18,0
DA:19,0
DA:22,4
DA:26,0
DA:29,4
DA:33,0
DA:37,0
DA:45,4
DA:50,0
DA:54,0
LF:15
LH:6
BRDA:40,0,0,0
BRDA:40,0,1,0
BRDA:41,1,0,0
BRDA:41,1,1,0
BRF:4
BRH:0
end_of_record
TN:
SF:src\components\service\hooks.ts
FN:17,(anonymous_0)
FN:20,(anonymous_1)
FN:24,(anonymous_2)
FN:27,(anonymous_3)
FN:32,(anonymous_4)
FN:36,(anonymous_5)
FN:45,(anonymous_6)
FN:53,(anonymous_7)
FN:56,(anonymous_8)
FN:65,(anonymous_9)
FN:79,(anonymous_10)
FN:90,(anonymous_11)
FN:96,(anonymous_12)
FN:104,(anonymous_13)
FN:113,(anonymous_14)
FN:118,(anonymous_15)
FN:123,(anonymous_16)
FN:133,(anonymous_17)
FN:135,(anonymous_18)
FNF:19
FNH:0
FNDA:0,(anonymous_0)
FNDA:0,(anonymous_1)
FNDA:0,(anonymous_2)
FNDA:0,(anonymous_3)
FNDA:0,(anonymous_4)
FNDA:0,(anonymous_5)
FNDA:0,(anonymous_6)
FNDA:0,(anonymous_7)
FNDA:0,(anonymous_8)
FNDA:0,(anonymous_9)
FNDA:0,(anonymous_10)
FNDA:0,(anonymous_11)
FNDA:0,(anonymous_12)
FNDA:0,(anonymous_13)
FNDA:0,(anonymous_14)
FNDA:0,(anonymous_15)
FNDA:0,(anonymous_16)
FNDA:0,(anonymous_17)
FNDA:0,(anonymous_18)
DA:1,4
DA:2,4
DA:8,4
DA:10,4
DA:11,4
DA:12,4
DA:14,4
DA:15,4
DA:17,4
DA:18,0
DA:20,0
DA:24,4
DA:25,0
DA:27,0
DA:32,4
DA:33,0
DA:34,0
DA:36,0
DA:37,0
DA:38,0
DA:39,0
DA:42,0
DA:45,4
DA:46,0
DA:47,0
DA:49,0
DA:50,0
DA:53,4
DA:54,0
DA:55,0
DA:64,0
DA:66,0
DA:67,0
DA:69,0
DA:72,0
DA:76,0
DA:77,0
DA:80,0
DA:87,0
DA:88,0
DA:90,0
DA:94,0
DA:97,0
DA:98,0
DA:100,0
DA:101,0
DA:105,0
DA:106,0
DA:113,4
DA:114,0
DA:116,0
DA:118,0
DA:123,4
DA:124,0
DA:125,0
DA:127,0
DA:128,0
DA:129,0
DA:133,0
DA:135,0
DA:141,0
DA:142,0
DA:144,0
LF:63
LH:15
BRDA:24,0,0,0
BRDA:37,1,0,0
BRDA:47,2,0,0
BRDA:49,3,0,0
BRDA:49,3,1,0
BRDA:76,4,0,0
BRDA:80,5,0,0
BRDA:80,5,1,0
BRDA:87,6,0,0
BRDA:97,7,0,0
BRDA:100,8,0,0
BRDA:118,9,0,0
BRDA:118,9,1,0
BRDA:125,10,0,0
BRDA:125,10,1,0
BRDA:127,11,0,0
BRDA:129,12,0,0
BRDA:130,13,0,0
BRDA:130,13,1,0
BRDA:136,14,0,0
BRDA:136,14,1,0
BRDA:138,15,0,0
BRDA:138,15,1,0
BRF:23
BRH:0
end_of_record
TN:
SF:src\components\user\LoginForm.tsx
FN:15,(anonymous_0)
FN:25,(anonymous_1)
FNF:2
FNH:2
FNDA:6,(anonymous_0)
FNDA:2,(anonymous_1)
DA:1,1
DA:2,1
DA:3,1
DA:4,1
DA:6,1
DA:7,1
DA:8,1
DA:9,1
DA:10,1
DA:11,1
DA:13,1
DA:15,1
DA:16,6
DA:17,6
DA:19,5
DA:20,5
DA:21,5
DA:22,5
DA:23,5
DA:25,5
DA:26,2
DA:27,2
DA:28,1
DA:29,1
DA:31,1
DA:32,1
DA:36,5
DA:77,1
LF:28
LH:28
BRDA:17,0,0,5
BRDA:19,1,0,5
BRDA:19,1,1,0
BRDA:19,2,0,5
BRDA:19,2,1,0
BRDA:19,2,2,0
BRDA:32,3,0,1
BRDA:32,3,1,0
BRDA:61,4,0,5
BRDA:61,4,1,1
BRF:10
BRH:6
end_of_record
TN:
SF:src\components\user\RegisterForm.tsx
FN:17,(anonymous_0)
FN:26,(anonymous_1)
FN:48,(anonymous_2)
FNF:3
FNH:3
FNDA:5,(anonymous_0)
FNDA:2,(anonymous_1)
FNDA:16,(anonymous_2)
DA:1,1
DA:2,1
DA:3,1
DA:4,1
DA:5,1
DA:6,1
DA:7,1
DA:8,1
DA:12,1
DA:15,1
DA:17,1
DA:18,5
DA:19,5
DA:21,5
DA:22,5
DA:23,5
DA:24,5
DA:26,5
DA:27,2
DA:28,2
DA:29,1
DA:30,1
DA:34,1
DA:35,1
DA:41,5
DA:49,16
DA:89,1
LF:27
LH:27
BRDA:19,0,0,0
BRDA:21,1,0,5
BRDA:21,1,1,0
BRDA:21,2,0,5
BRDA:21,2,1,0
BRDA:21,2,2,0
BRDA:35,3,0,1
BRDA:35,3,1,0
BRF:8
BRH:3
end_of_record
TN:
SF:src\components\user\consts.ts
FN:5,(anonymous_0)
FN:15,(anonymous_1)
FNF:2
FNH:2
FNDA:5,(anonymous_0)
FNDA:5,(anonymous_1)
DA:1,2
DA:3,2
DA:5,2
DA:8,5
DA:15,2
DA:18,5
DA:26,2
DA:31,2
LF:8
LH:8
BRF:0
BRH:0
end_of_record
TN:
SF:src\components\user\hooks.ts
FN:8,(anonymous_0)
FN:11,(anonymous_1)
FN:16,(anonymous_2)
FN:19,(anonymous_3)
FNF:4
FNH:0
FNDA:0,(anonymous_0)
FNDA:0,(anonymous_1)
FNDA:0,(anonymous_2)
FNDA:0,(anonymous_3)
DA:1,1
DA:3,1
DA:4,1
DA:6,1
DA:8,1
DA:9,0
DA:10,0
DA:12,0
DA:16,1
DA:17,0
DA:18,0
DA:20,0
LF:12
LH:6
BRF:0
BRH:0
end_of_record
TN:
SF:src\config\axios.ts
FN:15,(anonymous_0)
FN:24,(anonymous_1)
FNF:2
FNH:1
FNDA:1,(anonymous_0)
FNDA:0,(anonymous_1)
DA:1,6
DA:2,6
DA:4,6
DA:8,6
DA:12,6
DA:14,6
DA:16,1
DA:18,1
DA:19,0
DA:20,0
DA:22,1
DA:25,0
DA:29,6
LF:13
LH:10
BRDA:4,0,0,6
BRDA:4,0,1,0
BRDA:18,1,0,0
BRF:3
BRH:1
end_of_record
TN:
SF:src\constants\errorMessage.ts
FNF:0
FNH:0
DA:1,2
LF:1
LH:1
BRF:0
BRH:0
end_of_record
TN:
SF:src\constants\routes.ts
FNF:0
FNH:0
DA:1,16
LF:1
LH:1
BRF:0
BRH:0
end_of_record
