TN:
SF:src\components\category\CategoryCard.tsx
FN:14,(anonymous_0)
FN:31,(anonymous_1)
FN:40,(anonymous_2)
FNF:3
FNH:1
FNDA:7,(anonymous_0)
FNDA:0,(anonymous_1)
FNDA:0,(anonymous_2)
DA:2,4
DA:3,4
DA:4,4
DA:5,4
DA:7,4
DA:14,4
DA:15,7
DA:16,7
DA:17,7
DA:19,7
DA:22,7
DA:29,7
DA:31,7
DA:32,0
DA:33,0
DA:37,7
DA:40,0
DA:52,4
LF:18
LH:15
BRDA:17,0,0,7
BRDA:17,0,1,6
BRDA:22,1,0,0
BRDA:22,1,1,7
BRDA:22,2,0,7
BRDA:22,2,1,7
BRDA:22,2,2,7
BRDA:29,3,0,7
BRDA:29,3,1,6
BRDA:32,4,0,0
BRDA:39,5,0,7
BRDA:39,5,1,0
BRF:12
BRH:9
end_of_record
TN:
SF:src\components\category\CategoryList.tsx
FN:5,(anonymous_0)
FN:10,(anonymous_1)
FNF:2
FNH:2
FNDA:2,(anonymous_0)
FNDA:3,(anonymous_1)
DA:1,1
DA:2,1
DA:3,1
DA:5,1
DA:6,2
DA:8,2
DA:11,3
DA:21,1
LF:8
LH:8
BRF:0
BRH:0
end_of_record
TN:
SF:src\components\category\VerticalCategoryList.tsx
FN:6,(anonymous_0)
FN:14,(anonymous_1)
FNF:2
FNH:2
FNDA:21,(anonymous_0)
FNDA:3,(anonymous_1)
DA:1,2
DA:2,2
DA:3,2
DA:4,2
DA:6,2
DA:7,21
DA:8,21
DA:10,21
DA:15,3
DA:26,2
LF:10
LH:10
BRF:0
BRH:0
end_of_record
TN:
SF:src\components\category\api.ts
FN:4,(anonymous_0)
FN:13,(anonymous_1)
FNF:2
FNH:1
FNDA:1,(anonymous_0)
FNDA:0,(anonymous_1)
DA:1,1
DA:4,1
DA:5,1
DA:6,1
DA:7,0
DA:9,0
DA:13,1
DA:17,0
DA:21,0
LF:9
LH:5
BRF:0
BRH:0
end_of_record
TN:
SF:src\components\category\hooks.ts
FN:8,(anonymous_0)
FN:12,(anonymous_1)
FNF:2
FNH:2
FNDA:20,(anonymous_0)
FNDA:1,(anonymous_1)
DA:1,1
DA:2,1
DA:3,1
DA:6,1
DA:8,1
DA:9,20
DA:10,20
DA:12,1
LF:8
LH:8
BRDA:12,0,0,1
BRDA:12,0,1,0
BRF:2
BRH:1
end_of_record
TN:
SF:src\components\common\Button.tsx
FN:13,(anonymous_0)
FNF:1
FNH:1
FNDA:86,(anonymous_0)
DA:1,4
DA:2,4
DA:13,4
DA:23,86
DA:42,4
LF:5
LH:5
BRDA:27,0,0,86
BRDA:27,0,1,36
BRDA:28,1,0,86
BRDA:28,1,1,36
BRDA:29,2,0,86
BRDA:29,2,1,0
BRDA:30,3,0,86
BRDA:30,3,1,0
BRDA:31,4,0,86
BRDA:31,4,1,9
BRDA:32,5,0,86
BRDA:32,5,1,3
BRF:12
BRH:10
end_of_record
TN:
SF:src\components\common\FilteredList.tsx
FN:17,(anonymous_0)
FN:31,(anonymous_1)
FN:37,(anonymous_2)
FN:50,(anonymous_3)
FNF:4
FNH:4
FNDA:4,(anonymous_0)
FNDA:8,(anonymous_1)
FNDA:1,(anonymous_2)
FNDA:2,(anonymous_3)
DA:1,1
DA:2,1
DA:3,1
DA:17,1
DA:27,4
DA:32,8
DA:37,1
DA:50,2
DA:59,1
LF:9
LH:9
BRDA:39,0,0,2
BRDA:39,0,1,6
BRDA:46,1,0,4
BRDA:46,1,1,0
BRDA:49,2,0,1
BRDA:49,2,1,3
BRF:6
BRH:5
end_of_record
TN:
SF:src\components\common\FormikInput.tsx
FN:10,(anonymous_0)
FNF:1
FNH:1
FNDA:10,(anonymous_0)
DA:1,1
DA:2,1
DA:3,1
DA:10,1
DA:11,10
DA:24,1
LF:6
LH:6
BRDA:13,0,0,10
BRDA:13,0,1,0
BRF:2
BRH:1
end_of_record
TN:
SF:src\components\common\Input.tsx
FN:8,(anonymous_0)
FNF:1
FNH:1
FNDA:48,(anonymous_0)
DA:1,2
DA:2,2
DA:8,2
DA:9,48
DA:17,2
LF:5
LH:5
BRDA:11,0,0,48
BRDA:11,0,1,20
BRF:2
BRH:2
end_of_record
TN:
SF:src\components\common\LanguageSwither.tsx
FN:6,(anonymous_0)
FN:13,(anonymous_1)
FN:25,(anonymous_2)
FN:32,(anonymous_3)
FN:39,(anonymous_4)
FNF:5
FNH:4
FNDA:3,(anonymous_0)
FNDA:2,(anonymous_1)
FNDA:0,(anonymous_2)
FNDA:1,(anonymous_3)
FNDA:1,(anonymous_4)
DA:1,1
DA:2,1
DA:3,1
DA:4,1
DA:6,1
DA:7,3
DA:8,3
DA:9,3
DA:11,3
DA:13,3
DA:14,2
DA:16,2
DA:17,2
DA:18,2
DA:21,3
DA:25,0
DA:32,1
DA:39,1
DA:48,1
LF:19
LH:18
BRDA:11,0,0,3
BRDA:11,0,1,0
BRF:2
BRH:1
end_of_record
TN:
SF:src\components\common\ServicesContent.tsx
FN:15,(anonymous_0)
FN:24,(anonymous_1)
FN:26,(anonymous_2)
FN:40,(anonymous_3)
FNF:4
FNH:4
FNDA:20,(anonymous_0)
FNDA:11,(anonymous_1)
FNDA:22,(anonymous_2)
FNDA:3,(anonymous_3)
DA:1,1
DA:2,1
DA:3,1
DA:4,1
DA:5,1
DA:7,1
DA:8,1
DA:9,1
DA:15,1
DA:16,20
DA:17,20
DA:18,20
DA:19,20
DA:21,20
DA:22,20
DA:24,20
DA:25,11
DA:26,11
DA:28,22
DA:30,22
DA:36,11
DA:40,20
DA:41,3
DA:44,20
DA:70,1
LF:25
LH:25
BRDA:22,0,0,0
BRDA:25,1,0,11
BRDA:28,2,0,22
BRDA:28,2,1,0
BRDA:31,3,0,22
BRDA:31,3,1,4
BRDA:31,3,2,20
BRF:7
BRH:5
end_of_record
TN:
SF:src\components\common\UrlIcon.tsx
FN:10,(anonymous_0)
FNF:1
FNH:1
FNDA:7,(anonymous_0)
DA:1,4
DA:2,4
DA:10,4
DA:11,7
DA:16,4
LF:5
LH:5
BRF:0
BRH:0
end_of_record
TN:
SF:src\components\context\UserContext.tsx
FN:13,(anonymous_0)
FN:14,(anonymous_1)
FN:17,(anonymous_2)
FN:23,(anonymous_3)
FN:28,(anonymous_4)
FNF:5
FNH:0
FNDA:0,(anonymous_0)
FNDA:0,(anonymous_1)
FNDA:0,(anonymous_2)
FNDA:0,(anonymous_3)
FNDA:0,(anonymous_4)
DA:1,3
DA:2,3
DA:5,3
DA:17,3
DA:18,0
DA:19,0
DA:21,0
DA:23,0
DA:24,0
DA:25,0
DA:28,0
DA:29,0
DA:30,0
DA:33,0
DA:40,3
LF:15
LH:5
BRF:0
BRH:0
end_of_record
TN:
SF:src\components\service\ServiceCard.tsx
FN:16,(anonymous_0)
FN:31,(anonymous_1)
FN:35,(anonymous_2)
FN:47,(anonymous_3)
FN:50,(anonymous_4)
FN:68,(anonymous_5)
FNF:6
FNH:4
FNDA:38,(anonymous_0)
FNDA:25,(anonymous_1)
FNDA:1,(anonymous_2)
FNDA:0,(anonymous_3)
FNDA:0,(anonymous_4)
FNDA:1,(anonymous_5)
DA:1,2
DA:3,2
DA:4,2
DA:5,2
DA:6,2
DA:7,2
DA:8,2
DA:9,2
DA:16,2
DA:17,38
DA:18,38
DA:19,37
DA:20,37
DA:22,37
DA:23,37
DA:25,37
DA:26,37
DA:27,37
DA:28,37
DA:29,37
DA:31,37
DA:32,25
DA:35,37
DA:36,1
DA:37,1
DA:38,1
DA:40,1
DA:48,0
DA:51,0
DA:57,37
DA:68,1
DA:92,2
LF:32
LH:30
BRDA:16,0,0,23
BRDA:18,1,0,1
BRDA:18,2,0,38
BRDA:18,2,1,37
BRDA:20,3,0,37
BRDA:20,3,1,0
BRDA:22,4,0,37
BRDA:22,4,1,0
BRDA:23,5,0,37
BRDA:23,5,1,0
BRDA:36,6,0,0
BRDA:36,7,0,1
BRDA:36,7,1,1
BRDA:59,8,0,37
BRDA:59,8,1,13
BRDA:76,9,0,2
BRDA:76,9,1,35
BRDA:79,10,0,2
BRDA:79,10,1,35
BRF:19
BRH:15
end_of_record
TN:
SF:src\components\service\ServiceList.tsx
FN:12,(anonymous_0)
FN:15,(anonymous_1)
FNF:2
FNH:2
FNDA:23,(anonymous_0)
FNDA:27,(anonymous_1)
DA:1,2
DA:3,2
DA:4,2
DA:12,2
DA:13,23
DA:16,27
DA:26,2
LF:7
LH:7
BRF:0
BRH:0
end_of_record
TN:
SF:src\components\user\LoginForm.tsx
FN:15,(anonymous_0)
FN:25,(anonymous_1)
FNF:2
FNH:2
FNDA:6,(anonymous_0)
FNDA:2,(anonymous_1)
DA:1,1
DA:2,1
DA:3,1
DA:4,1
DA:6,1
DA:7,1
DA:8,1
DA:9,1
DA:10,1
DA:11,1
DA:13,1
DA:15,1
DA:16,6
DA:17,6
DA:19,5
DA:20,5
DA:21,5
DA:22,5
DA:23,5
DA:25,5
DA:26,2
DA:27,2
DA:28,1
DA:29,1
DA:31,1
DA:32,1
DA:36,5
DA:74,1
LF:28
LH:28
BRDA:17,0,0,5
BRDA:19,1,0,5
BRDA:19,1,1,0
BRDA:19,2,0,5
BRDA:19,2,1,0
BRDA:19,2,2,0
BRDA:32,3,0,1
BRDA:32,3,1,0
BRDA:61,4,0,5
BRDA:61,4,1,1
BRF:10
BRH:6
end_of_record
TN:
SF:src\components\user\consts.ts
FN:5,(anonymous_0)
FN:15,(anonymous_1)
FNF:2
FNH:1
FNDA:5,(anonymous_0)
FNDA:0,(anonymous_1)
DA:1,1
DA:3,1
DA:5,1
DA:8,5
DA:15,1
DA:18,0
DA:26,1
DA:31,1
LF:8
LH:7
BRF:0
BRH:0
end_of_record
TN:
SF:src\config\axios.ts
FN:15,(anonymous_0)
FN:24,(anonymous_1)
FNF:2
FNH:1
FNDA:1,(anonymous_0)
FNDA:0,(anonymous_1)
DA:1,1
DA:2,1
DA:4,1
DA:8,1
DA:12,1
DA:14,1
DA:16,1
DA:18,1
DA:19,0
DA:20,0
DA:22,1
DA:25,0
DA:29,1
LF:13
LH:10
BRDA:4,0,0,1
BRDA:4,0,1,0
BRDA:18,1,0,0
BRF:3
BRH:1
end_of_record
TN:
SF:src\constants\errorMessage.ts
FNF:0
FNH:0
DA:1,1
LF:1
LH:1
BRF:0
BRH:0
end_of_record
TN:
SF:src\constants\routes.ts
FNF:0
FNH:0
DA:1,5
LF:1
LH:1
BRF:0
BRH:0
end_of_record
